<?xml version="1.0" encoding="UTF-8"?>
<testng-results ignored="0" total="2" passed="2" failed="0" skipped="0">
  <reporter-output>
  </reporter-output>
  <suite started-at="2018-08-16T06:02:27Z" name="Suite" finished-at="2018-08-16T06:03:23Z" duration-ms="55772">
    <groups>
    </groups>
    <test started-at="2018-08-16T06:02:27Z" name="Test" finished-at="2018-08-16T06:03:23Z" duration-ms="55772">
      <class name="com.localHuntzTest.MainTest">
        <test-method is-config="true" signature="openBrowserConfig()[pri:0, instance:com.localHuntzTest.MainTest@77f80c04]" started-at="2018-08-16T11:32:27Z" name="openBrowserConfig" finished-at="2018-08-16T11:33:03Z" duration-ms="35942" status="PASS">
          <reporter-output>
          </reporter-output>
        </test-method> <!-- openBrowserConfig -->
        <test-method is-config="true" signature="login()[pri:0, instance:com.localHuntzTest.MainTest@77f80c04]" started-at="2018-08-16T11:33:03Z" name="login" finished-at="2018-08-16T11:33:12Z" duration-ms="9476" status="PASS">
          <reporter-output>
          </reporter-output>
        </test-method> <!-- login -->
        <test-method signature="localHuntzTest()[pri:1, instance:com.localHuntzTest.MainTest@77f80c04]" started-at="2018-08-16T11:33:12Z" name="localHuntzTest" finished-at="2018-08-16T11:33:12Z" duration-ms="20" status="PASS">
          <reporter-output>
          </reporter-output>
        </test-method> <!-- localHuntzTest -->
        <test-method is-config="true" signature="login()[pri:0, instance:com.localHuntzTest.MainTest@77f80c04]" started-at="2018-08-16T11:33:12Z" name="login" finished-at="2018-08-16T11:33:13Z" duration-ms="662" status="PASS">
          <reporter-output>
          </reporter-output>
        </test-method> <!-- login -->
        <test-method signature="creatingNewUser()[pri:2, instance:com.localHuntzTest.MainTest@77f80c04]" started-at="2018-08-16T11:33:13Z" name="creatingNewUser" finished-at="2018-08-16T11:33:23Z" duration-ms="9603" status="PASS">
          <reporter-output>
          </reporter-output>
        </test-method> <!-- creatingNewUser -->
        <test-method is-config="true" signature="closeBrowser()[pri:0, instance:com.localHuntzTest.MainTest@77f80c04]" started-at="2018-08-16T11:33:23Z" name="closeBrowser" finished-at="2018-08-16T11:33:23Z" duration-ms="0" status="PASS">
          <reporter-output>
          </reporter-output>
        </test-method> <!-- closeBrowser -->
      </class> <!-- com.localHuntzTest.MainTest -->
    </test> <!-- Test -->
  </suite> <!-- Suite -->
</testng-results>
